<?xml version="1.0" encoding="UTF-8"?>
<!-- Generated by org.testng.reporters.JUnitXMLReporter -->
<testsuite hostname="DESKTOP-9N55AFQ" ignored="1" name="TC_011-Sign in as student and create a session request" tests="2" failures="0" timestamp="2021-04-30T15:19:43 IST" time="25.068" errors="0">
  <testcase name="verifyLogin" time="23.905" classname="TestFunctions.Login_Staff"/>
  <testcase name="StudentsOnSupport" time="1.101" classname="TestFunctions.Staff_StudentsOnSupport"/>
  <testcase name="@BeforeSuite initDriver" time="0.0" classname="Common.BaseClass">
    <ignored/>
  </testcase> <!-- @BeforeSuite initDriver -->
</testsuite> <!-- TC_011-Sign in as student and create a session request -->
