<?xml version="1.0" encoding="UTF-8"?>
<!-- Generated by org.testng.reporters.JUnitXMLReporter -->
<testsuite hostname="DESKTOP-9N55AFQ" ignored="6" name="TC_002-Verify manage settings module as admin" tests="16" failures="0" timestamp="2021-04-28T18:15:29 IST" time="88.451" errors="0">
  <testcase name="verifyLogin" time="1.3" classname="TestFunctions.Login_Admin"/>
  <testcase name="addInstitution" time="7.798" classname="TestFunctions.SettingsFunctions_Manage_Institution"/>
  <testcase name="updateStatus" time="4.988" classname="TestFunctions.SettingsFunctions_Manage_Institution"/>
  <testcase name="editInstitution" time="5.725" classname="TestFunctions.SettingsFunctions_Manage_Institution"/>
  <testcase name="deleteInstitution" time="5.076" classname="TestFunctions.SettingsFunctions_Manage_Institution"/>
  <testcase name="addSupportType" time="1.862" classname="TestFunctions.SettingsFunctions_Add_SupportType"/>
  <testcase name="addRole" time="8.911" classname="TestFunctions.SettingsFunctions_Manage_Role"/>
  <testcase name="updateStatus" time="5.495" classname="TestFunctions.SettingsFunctions_Manage_Role"/>
  <testcase name="editRole" time="6.263" classname="TestFunctions.SettingsFunctions_Manage_Role"/>
  <testcase name="deleteRole" time="5.554" classname="TestFunctions.SettingsFunctions_Manage_Role"/>
  <testcase name="deleteSupportType" time="5.613" classname="TestFunctions.SettingsFunctions_Delete_SupportType"/>
  <testcase name="addFundingBody" time="7.959" classname="TestFunctions.SettingsFunctions_Manage_FundingBody"/>
  <testcase name="updateStatus" time="5.427" classname="TestFunctions.SettingsFunctions_Manage_FundingBody"/>
  <testcase name="editFundingBody" time="6.962" classname="TestFunctions.SettingsFunctions_Manage_FundingBody"/>
  <testcase name="deleteFundingBody" time="5.738" classname="TestFunctions.SettingsFunctions_Manage_FundingBody"/>
  <testcase name="Logout" time="3.741" classname="TestFunctions.Logout"/>
  <testcase name="@BeforeSuite initDriver" time="0.0" classname="Common.BaseClass">
    <ignored/>
  </testcase> <!-- @BeforeSuite initDriver -->
  <testcase name="@BeforeSuite initDriver" time="0.0" classname="Common.BaseClass">
    <ignored/>
  </testcase> <!-- @BeforeSuite initDriver -->
  <testcase name="@BeforeSuite initDriver" time="0.0" classname="Common.BaseClass">
    <ignored/>
  </testcase> <!-- @BeforeSuite initDriver -->
  <testcase name="@BeforeSuite initDriver" time="0.0" classname="Common.BaseClass">
    <ignored/>
  </testcase> <!-- @BeforeSuite initDriver -->
  <testcase name="@BeforeSuite initDriver" time="0.0" classname="Common.BaseClass">
    <ignored/>
  </testcase> <!-- @BeforeSuite initDriver -->
  <testcase name="@BeforeSuite initDriver" time="0.0" classname="Common.BaseClass">
    <ignored/>
  </testcase> <!-- @BeforeSuite initDriver -->
</testsuite> <!-- TC_002-Verify manage settings module as admin -->
