<?xml version="1.0" encoding="UTF-8"?>
<!-- Generated by org.testng.reporters.JUnitXMLReporter -->
<testsuite hostname="DESKTOP-9N55AFQ" ignored="7" name="TC_003-Verify create settings as admin" tests="8" failures="0" timestamp="2021-04-21T11:12:01 IST" time="38.146" errors="0">
  <testcase name="verifyLogin" time="4.587" classname="TestFunctions.Login_Admin"/>
  <testcase name="addInstitution" time="5.195" classname="TestFunctions.SettingsFunctions_Add_Institution"/>
  <testcase name="addSupportType" time="2.989" classname="TestFunctions.SettingsFunctions_Add_SupportType"/>
  <testcase name="addRole" time="3.211" classname="TestFunctions.SettingsFunctions_Add_Role"/>
  <testcase name="addFundingBody" time="3.629" classname="TestFunctions.SettingsFunctions_Add_FundingBody"/>
  <testcase name="addDocumentCategory" time="2.641" classname="TestFunctions.SettingsFunctions_Add_DocumentCategory"/>
  <testcase name="addDocumentCategory" time="9.244" classname="TestFunctions.SettingsFunctions_Add_DocumentFile"/>
  <testcase name="addFileBundle" time="6.541" classname="TestFunctions.SettingsFunctions_Add_FileBundle"/>
  <testcase name="@BeforeSuite initDriver" time="0.0" classname="Common.BaseClass">
    <ignored/>
  </testcase> <!-- @BeforeSuite initDriver -->
  <testcase name="@BeforeSuite initDriver" time="0.0" classname="Common.BaseClass">
    <ignored/>
  </testcase> <!-- @BeforeSuite initDriver -->
  <testcase name="@BeforeSuite initDriver" time="0.0" classname="Common.BaseClass">
    <ignored/>
  </testcase> <!-- @BeforeSuite initDriver -->
  <testcase name="@BeforeSuite initDriver" time="0.0" classname="Common.BaseClass">
    <ignored/>
  </testcase> <!-- @BeforeSuite initDriver -->
  <testcase name="@BeforeSuite initDriver" time="0.0" classname="Common.BaseClass">
    <ignored/>
  </testcase> <!-- @BeforeSuite initDriver -->
  <testcase name="@BeforeSuite initDriver" time="0.0" classname="Common.BaseClass">
    <ignored/>
  </testcase> <!-- @BeforeSuite initDriver -->
  <testcase name="@BeforeSuite initDriver" time="0.0" classname="Common.BaseClass">
    <ignored/>
  </testcase> <!-- @BeforeSuite initDriver -->
</testsuite> <!-- TC_003-Verify create settings as admin -->
