<?xml version="1.0" encoding="UTF-8"?>
<!-- Generated by org.testng.reporters.JUnitXMLReporter -->
<testsuite hostname="DESKTOP-9N55AFQ" ignored="3" name="TC_004-Verify create student user as admin and sign in as student user for the first time by reseting the password" tests="4" failures="0" timestamp="2021-04-28T18:21:09 IST" time="45.687" errors="0">
  <testcase name="verifyLogin" time="1.639" classname="TestFunctions.Login_Admin"/>
  <testcase name="createStudentProfile" time="26.555" classname="TestFunctions.Student_CreateStudent"/>
  <testcase name="Logout" time="3.752" classname="TestFunctions.Logout"/>
  <testcase name="firstTimeLogin" time="13.66" classname="TestFunctions.Login_Student_FirstTime"/>
  <testcase name="@BeforeSuite initDriver" time="0.0" classname="Common.BaseClass">
    <ignored/>
  </testcase> <!-- @BeforeSuite initDriver -->
  <testcase name="@BeforeSuite initDriver" time="0.0" classname="Common.BaseClass">
    <ignored/>
  </testcase> <!-- @BeforeSuite initDriver -->
  <testcase name="@BeforeSuite initDriver" time="0.0" classname="Common.BaseClass">
    <ignored/>
  </testcase> <!-- @BeforeSuite initDriver -->
</testsuite> <!-- TC_004-Verify create student user as admin and sign in as student user for the first time by reseting the password -->
