<?xml version="1.0" encoding="UTF-8"?>
<!-- Generated by org.testng.reporters.JUnitXMLReporter -->
<testsuite hostname="DESKTOP-9N55AFQ" ignored="2" name="TC_001-Verify admin sign in and profile functions" tests="4" failures="0" timestamp="2021-04-21T09:43:14 IST" time="16.375" errors="0">
  <testcase name="verifyNegativeLogin" time="4.901" classname="TestFunctions.Login_NegativeVerifications"/>
  <testcase name="verifyLogin" time="3.765" classname="TestFunctions.Login_Admin"/>
  <testcase name="verifyProfileDetails" time="1.145" classname="TestFunctions.AdminProfileFunctions"/>
  <testcase name="editProfile" time="6.475" classname="TestFunctions.AdminProfileFunctions"/>
  <testcase name="@BeforeSuite initDriver" time="0.0" classname="Common.BaseClass">
    <ignored/>
  </testcase> <!-- @BeforeSuite initDriver -->
  <testcase name="@BeforeSuite initDriver" time="0.0" classname="Common.BaseClass">
    <ignored/>
  </testcase> <!-- @BeforeSuite initDriver -->
</testsuite> <!-- TC_001-Verify admin sign in and profile functions -->
