<?xml version="1.0" encoding="UTF-8"?>
<!-- Generated by org.testng.reporters.JUnitXMLReporter -->
<testsuite hostname="DESKTOP-9N55AFQ" ignored="2" name="TC_008-Sign in as staff claim the session" tests="3" failures="0" timestamp="2021-05-19T17:06:20 IST" time="34.75" errors="0">
  <testcase name="verifyLogin" time="23.796" classname="TestFunctions.Login_Staff"/>
  <testcase name="staffVerifyEventInCalendar" time="6.918" classname="TestFunctions.Staff_ClaimEvent"/>
  <testcase name="Logout" time="4.026" classname="TestFunctions.Logout"/>
  <testcase name="@BeforeSuite initDriver" time="0.0" classname="Common.BaseClass">
    <ignored/>
  </testcase> <!-- @BeforeSuite initDriver -->
  <testcase name="@BeforeSuite initDriver" time="0.0" classname="Common.BaseClass">
    <ignored/>
  </testcase> <!-- @BeforeSuite initDriver -->
</testsuite> <!-- TC_008-Sign in as staff claim the session -->
