<?xml version="1.0" encoding="UTF-8"?>
<!-- Generated by org.testng.reporters.JUnitXMLReporter -->
<testsuite hostname="DESKTOP-9N55AFQ" ignored="2" name="TC_006-Sign in as student and create a session request" tests="3" failures="0" timestamp="2021-05-19T17:05:30 IST" time="14.499" errors="0">
  <testcase name="verifyLogin" time="4.012" classname="TestFunctions.Login_Student"/>
  <testcase name="student_createevent" time="6.496" classname="TestFunctions.Student_CreateEvent"/>
  <testcase name="Logout" time="3.92" classname="TestFunctions.Logout"/>
  <testcase name="@BeforeSuite initDriver" time="0.0" classname="Common.BaseClass">
    <ignored/>
  </testcase> <!-- @BeforeSuite initDriver -->
  <testcase name="@BeforeSuite initDriver" time="0.0" classname="Common.BaseClass">
    <ignored/>
  </testcase> <!-- @BeforeSuite initDriver -->
</testsuite> <!-- TC_006-Sign in as student and create a session request -->
