<?xml version="1.0" encoding="UTF-8"?>
<!-- Generated by org.testng.reporters.JUnitXMLReporter -->
<testsuite hostname="DESKTOP-9N55AFQ" ignored="3" name="TC_004-Verify create staff user as admin and sign in as staff user for the first time by reseting the password" tests="4" failures="0" timestamp="2021-04-28T18:18:39 IST" time="30.362" errors="0">
  <testcase name="verifyLogin" time="1.865" classname="TestFunctions.Login_Admin"/>
  <testcase name="createStaffProfile" time="11.686" classname="TestFunctions.Staff_CreateStaff"/>
  <testcase name="Logout" time="3.763" classname="TestFunctions.Logout"/>
  <testcase name="firstTimeLogin" time="12.963" classname="TestFunctions.Login_Staff_FirstTime"/>
  <testcase name="@BeforeSuite initDriver" time="0.0" classname="Common.BaseClass">
    <ignored/>
  </testcase> <!-- @BeforeSuite initDriver -->
  <testcase name="@BeforeSuite initDriver" time="0.0" classname="Common.BaseClass">
    <ignored/>
  </testcase> <!-- @BeforeSuite initDriver -->
  <testcase name="@BeforeSuite initDriver" time="0.0" classname="Common.BaseClass">
    <ignored/>
  </testcase> <!-- @BeforeSuite initDriver -->
</testsuite> <!-- TC_004-Verify create staff user as admin and sign in as staff user for the first time by reseting the password -->
