<?xml version="1.0" encoding="UTF-8"?>
<!-- Generated by org.testng.reporters.JUnitXMLReporter -->
<testsuite hostname="DESKTOP-9N55AFQ" ignored="3" name="TC_005-Verify create student user as admin" tests="4" failures="0" timestamp="2021-04-22T11:58:54 IST" time="13.267" errors="0">
  <testcase name="verifyLogin" time="0.764" classname="TestFunctions.Login_Student"/>
  <testcase name="student_createevent" time="7.807" classname="TestFunctions.Student_CreateEvent"/>
  <testcase name="Logout" time="3.929" classname="TestFunctions.Logout"/>
  <testcase name="verifyLogin" time="0.69" classname="TestFunctions.Login_Staff"/>
  <testcase name="@BeforeSuite initDriver" time="0.0" classname="Common.BaseClass">
    <ignored/>
  </testcase> <!-- @BeforeSuite initDriver -->
  <testcase name="@BeforeSuite initDriver" time="0.0" classname="Common.BaseClass">
    <ignored/>
  </testcase> <!-- @BeforeSuite initDriver -->
  <testcase name="@BeforeSuite initDriver" time="0.0" classname="Common.BaseClass">
    <ignored/>
  </testcase> <!-- @BeforeSuite initDriver -->
</testsuite> <!-- TC_005-Verify create student user as admin -->
