<?xml version="1.0" encoding="UTF-8"?>
<!-- Generated by org.testng.reporters.JUnitXMLReporter -->
<testsuite hostname="DESKTOP-9N55AFQ" ignored="4" name="TC_007-Sign in as staff and accept the event requested by student" tests="8" failures="0" timestamp="2021-04-22T14:11:27 IST" time="21.621" errors="0">
  <testcase name="verifyLogin" time="0.861" classname="TestFunctions.Login_Student"/>
  <testcase name="student_createevent" time="7.836" classname="TestFunctions.Student_CreateEvent"/>
  <testcase name="Logout" time="4.006" classname="TestFunctions.Logout"/>
  <testcase name="verifyLogin" time="0.786" classname="TestFunctions.Login_Staff"/>
  <testcase name="staffVerifyEventInCalendar" time="2.21" classname="TestFunctions.Staff_AcceptEvent"/>
  <testcase name="acceptEventJoblist" time="2.288" classname="TestFunctions.Staff_AcceptEvent"/>
  <testcase name="login_method" time="2.998" classname="TestFunctions.ChangeDate_PostMethod"/>
  <testcase name="changedate_method" time="0.531" classname="TestFunctions.ChangeDate_PostMethod"/>
  <testcase name="@BeforeSuite initDriver" time="0.0" classname="Common.BaseClass">
    <ignored/>
  </testcase> <!-- @BeforeSuite initDriver -->
  <testcase name="@BeforeSuite initDriver" time="0.0" classname="Common.BaseClass">
    <ignored/>
  </testcase> <!-- @BeforeSuite initDriver -->
  <testcase name="@BeforeSuite initDriver" time="0.0" classname="Common.BaseClass">
    <ignored/>
  </testcase> <!-- @BeforeSuite initDriver -->
  <testcase name="@BeforeSuite initDriver" time="0.0" classname="Common.BaseClass">
    <ignored/>
  </testcase> <!-- @BeforeSuite initDriver -->
</testsuite> <!-- TC_007-Sign in as staff and accept the event requested by student -->
