<?xml version="1.0" encoding="UTF-8"?>
<!-- Generated by org.testng.reporters.JUnitXMLReporter -->
<testsuite hostname="DESKTOP-9N55AFQ" ignored="3" name="TC_001-Verify admin sign in and profile functions" tests="5" failures="0" timestamp="2021-05-19T16:54:38 IST" time="16.42" errors="0">
  <testcase name="verifyNegativeLogin" time="3.463" classname="TestFunctions.Login_NegativeVerifications"/>
  <testcase name="verifyLogin" time="1.779" classname="TestFunctions.Login_Admin"/>
  <testcase name="verifyProfileDetails" time="0.937" classname="TestFunctions.AdminProfileFunctions"/>
  <testcase name="editProfile" time="6.32" classname="TestFunctions.AdminProfileFunctions"/>
  <testcase name="Logout" time="3.831" classname="TestFunctions.Logout"/>
  <testcase name="@BeforeSuite initDriver" time="0.0" classname="Common.BaseClass">
    <ignored/>
  </testcase> <!-- @BeforeSuite initDriver -->
  <testcase name="@BeforeSuite initDriver" time="0.0" classname="Common.BaseClass">
    <ignored/>
  </testcase> <!-- @BeforeSuite initDriver -->
  <testcase name="@BeforeSuite initDriver" time="0.0" classname="Common.BaseClass">
    <ignored/>
  </testcase> <!-- @BeforeSuite initDriver -->
</testsuite> <!-- TC_001-Verify admin sign in and profile functions -->
