<?xml version="1.0" encoding="UTF-8"?>
<!-- Generated by org.testng.reporters.JUnitXMLReporter -->
<testsuite hostname="DESKTOP-9N55AFQ" ignored="2" name="TC_009-Sign in as student and authenticate the event " tests="3" failures="0" timestamp="2021-05-19T17:06:54 IST" time="34.379" errors="0">
  <testcase name="verifyLogin" time="23.791" classname="TestFunctions.Login_Student"/>
  <testcase name="studentAuthenticateEvent" time="6.686" classname="TestFunctions.Student_AuthenticateEvent"/>
  <testcase name="Logout" time="3.895" classname="TestFunctions.Logout"/>
  <testcase name="@BeforeSuite initDriver" time="0.0" classname="Common.BaseClass">
    <ignored/>
  </testcase> <!-- @BeforeSuite initDriver -->
  <testcase name="@BeforeSuite initDriver" time="0.0" classname="Common.BaseClass">
    <ignored/>
  </testcase> <!-- @BeforeSuite initDriver -->
</testsuite> <!-- TC_009-Sign in as student and authenticate the event  -->
