<?xml version="1.0" encoding="UTF-8"?>
<!-- Generated by org.testng.reporters.JUnitXMLReporter -->
<testsuite hostname="DESKTOP-9N55AFQ" ignored="2" name="TC_007-Sign in as staff and accept the event requested by student" tests="6" failures="0" timestamp="2021-05-19T17:05:45 IST" time="14.802" errors="0">
  <testcase name="verifyLogin" time="3.814" classname="TestFunctions.Login_Staff"/>
  <testcase name="staffVerifyEventInCalendar" time="2.694" classname="TestFunctions.Staff_AcceptEvent"/>
  <testcase name="acceptEventJoblist" time="1.43" classname="TestFunctions.Staff_AcceptEvent"/>
  <testcase name="Logout" time="3.938" classname="TestFunctions.Logout"/>
  <testcase name="login_method" time="2.761" classname="TestFunctions.ChangeDate_PostMethodNormal"/>
  <testcase name="changedate_method" time="0.142" classname="TestFunctions.ChangeDate_PostMethodNormal"/>
  <testcase name="@BeforeSuite initDriver" time="0.0" classname="Common.BaseClass">
    <ignored/>
  </testcase> <!-- @BeforeSuite initDriver -->
  <testcase name="@BeforeSuite initDriver" time="0.0" classname="Common.BaseClass">
    <ignored/>
  </testcase> <!-- @BeforeSuite initDriver -->
</testsuite> <!-- TC_007-Sign in as staff and accept the event requested by student -->
