<?xml version="1.0" encoding="UTF-8"?>
<!-- Generated by org.testng.reporters.JUnitXMLReporter -->
<testsuite hostname="DESKTOP-9N55AFQ" ignored="1" name="Test" tests="2" failures="0" timestamp="2021-03-30T18:10:28 IST" time="2.701" errors="0">
  <testcase name="verifyLogin" time="0.913" classname="TestFunctions.Login_Student"/>
  <testcase name="student_createevent" time="1.725" classname="TestFunctions.Student_CreateEvent"/>
  <testcase name="@BeforeSuite initDriver" time="0.0" classname="Common.BaseClass">
    <ignored/>
  </testcase> <!-- @BeforeSuite initDriver -->
</testsuite> <!-- Test -->
