<?xml version="1.0" encoding="UTF-8"?>
<testng-results skipped="0" failed="0" ignored="0" total="1" passed="1">
  <reporter-output>
  </reporter-output>
  <suite name="Suite" duration-ms="963" started-at="2021-01-19T11:16:39 IST" finished-at="2021-01-19T11:16:40 IST">
    <groups>
    </groups>
    <test name="Test" duration-ms="963" started-at="2021-01-19T11:16:39 IST" finished-at="2021-01-19T11:16:40 IST">
      <class name="TestFunctions.Login">
        <test-method status="PASS" signature="initDriver()[pri:0, instance:TestFunctions.Login@6acdbdf5]" name="initDriver" is-config="true" duration-ms="7539" started-at="2021-01-19T11:16:32 IST" finished-at="2021-01-19T11:16:39 IST">
          <reporter-output>
          </reporter-output>
        </test-method> <!-- initDriver -->
        <test-method status="PASS" signature="verifyLogin()[pri:0, instance:TestFunctions.Login@6acdbdf5]" name="verifyLogin" duration-ms="941" started-at="2021-01-19T11:16:39 IST" finished-at="2021-01-19T11:16:40 IST">
          <reporter-output>
          </reporter-output>
        </test-method> <!-- verifyLogin -->
      </class> <!-- TestFunctions.Login -->
    </test> <!-- Test -->
  </suite> <!-- Suite -->
</testng-results>
