<?xml version="1.0" encoding="UTF-8"?>
<!-- Generated by org.testng.reporters.JUnitXMLReporter -->
<testsuite hostname="DESKTOP-G674484" ignored="1" name="Test" tests="2" failures="0" timestamp="2021-01-19T12:07:58 IST" time="4.256" errors="0">
  <testcase name="verifyLogin" time="0.876" classname="TestFunctions.Login"/>
  <testcase name="Logout" time="3.352" classname="TestFunctions.Logout"/>
  <testcase name="@BeforeSuite initDriver" time="0.0" classname="Common.BaseClass">
    <ignored/>
  </testcase> <!-- @BeforeSuite initDriver -->
</testsuite> <!-- Test -->
