<?xml version="1.0" encoding="UTF-8"?>
<!-- Generated by org.testng.reporters.JUnitXMLReporter -->
<testsuite hostname="DESKTOP-G674484" ignored="3" name="Test" tests="5" failures="0" timestamp="2021-01-29T14:21:39 IST" time="9.794" errors="0">
  <testcase name="verifyNegativeLogin" time="1.28" classname="TestFunctions.Login_NegativeVerifications"/>
  <testcase name="verifyLogin" time="0.728" classname="TestFunctions.Login"/>
  <testcase name="verifyProfileDetails" time="0.359" classname="TestFunctions.AdminProfileFunctions"/>
  <testcase name="editProfile" time="3.818" classname="TestFunctions.AdminProfileFunctions"/>
  <testcase name="Logout" time="3.572" classname="TestFunctions.Logout"/>
  <testcase name="@BeforeSuite initDriver" time="0.0" classname="Common.BaseClass">
    <ignored/>
  </testcase> <!-- @BeforeSuite initDriver -->
  <testcase name="@BeforeSuite initDriver" time="0.0" classname="Common.BaseClass">
    <ignored/>
  </testcase> <!-- @BeforeSuite initDriver -->
  <testcase name="@BeforeSuite initDriver" time="0.0" classname="Common.BaseClass">
    <ignored/>
  </testcase> <!-- @BeforeSuite initDriver -->
</testsuite> <!-- Test -->
